<?xml version="1.0" encoding="UTF-8"?>
<!-- Generated by org.testng.reporters.JUnitReportReporter -->
<testsuite skipped="0" hostname="Manish-PC" name="com.project.MavenPro.MySql_DataRetrieval_Test" tests="1" failures="0" timestamp="18 Mar 2019 01:55:03 GMT" time="0.611" errors="0">
  <testcase name="MySqlDBTest" time="0.611" classname="com.project.MavenPro.MySql_DataRetrieval_Test"/>
</testsuite> <!-- com.project.MavenPro.MySql_DataRetrieval_Test -->
