<?xml version="1.0" encoding="UTF-8"?>
<!-- Generated by org.testng.reporters.JUnitReportReporter -->
<testsuite skipped="0" hostname="DESKTOP-2RU3L8F" name="com.project.MavenPro.Drag_Drop_HandlingFrames" tests="1" failures="0" timestamp="31 Mar 2019 00:24:15 GMT" time="4.956" errors="0">
  <testcase name="HandlingFrames" time="4.956" classname="com.project.MavenPro.Drag_Drop_HandlingFrames"/>
</testsuite> <!-- com.project.MavenPro.Drag_Drop_HandlingFrames -->
