<?xml version="1.0" encoding="UTF-8"?>
<!-- Generated by org.testng.reporters.JUnitReportReporter -->
<testsuite skipped="0" hostname="DESKTOP-2RU3L8F" name="com.project.MavenPro.ChangeDropDownValues" tests="1" failures="0" timestamp="31 Mar 2019 00:24:15 GMT" time="15.368" errors="0">
  <testcase name="ChangeDDValues" time="15.368" classname="com.project.MavenPro.ChangeDropDownValues"/>
</testsuite> <!-- com.project.MavenPro.ChangeDropDownValues -->
